Copyright 1986-2018 Xilinx, Inc. All Rights Reserved.
------------------------------------------------------------------------------------
| Tool Version : Vivado v.2018.3 (win64) Build 2405991 Thu Dec  6 23:38:27 MST 2018
| Date         : Tue Nov 14 12:36:34 2023
| Host         : MSI running 64-bit major release  (build 9200)
| Command      : report_control_sets -verbose -file main_control_sets_placed.rpt
| Design       : main
| Device       : xc7a35t
------------------------------------------------------------------------------------

Control Set Information

Table of Contents
-----------------
1. Summary
2. Histogram
3. Flip-Flop Distribution
4. Detailed Control Set Information

1. Summary
----------

+----------------------------------------------------------+-------+
|                          Status                          | Count |
+----------------------------------------------------------+-------+
| Number of unique control sets                            |     3 |
| Unused register locations in slices containing registers |    13 |
+----------------------------------------------------------+-------+


2. Histogram
------------

+--------+--------------+
| Fanout | Control Sets |
+--------+--------------+
|      4 |            1 |
|      5 |            1 |
|    16+ |            1 |
+--------+--------------+


3. Flip-Flop Distribution
-------------------------

+--------------+-----------------------+------------------------+-----------------+--------------+
| Clock Enable | Synchronous Set/Reset | Asynchronous Set/Reset | Total Registers | Total Slices |
+--------------+-----------------------+------------------------+-----------------+--------------+
| No           | No                    | No                     |              35 |           10 |
| No           | No                    | Yes                    |               0 |            0 |
| No           | Yes                   | No                     |               0 |            0 |
| Yes          | No                    | No                     |               0 |            0 |
| Yes          | No                    | Yes                    |               0 |            0 |
| Yes          | Yes                   | No                     |               0 |            0 |
+--------------+-----------------------+------------------------+-----------------+--------------+


4. Detailed Control Set Information
-----------------------------------

+---------------------------+---------------+------------------+------------------+----------------+
|        Clock Signal       | Enable Signal | Set/Reset Signal | Slice Load Count | Bel Load Count |
+---------------------------+---------------+------------------+------------------+----------------+
|  AIKEN/out_reg[3]_i_2_n_0 |               |                  |                1 |              4 |
|  CNTER/CLK                |               |                  |                2 |              5 |
|  clk_IBUF_BUFG            |               |                  |                7 |             26 |
+---------------------------+---------------+------------------+------------------+----------------+


